Arguments: 
  /opt/homebrew/Cellar/node/17.6.0_1/bin/node /opt/homebrew/bin/yarn install

PATH: 
  /opt/homebrew/bin:/opt/homebrew/sbin:/usr/local/bin:/usr/bin:/bin:/usr/sbin:/sbin:/usr/local/munki:/opt/homebrew/bin:/opt/homebrew/sbin

Yarn version: 
  1.22.17

Node version: 
  17.6.0

Platform: 
  darwin arm64

Trace: 
  Error: https://registry.yarnpkg.com/@redocly%2fdeveloper-portal: ETIMEDOUT
      at Timeout._onTimeout (/opt/homebrew/lib/node_modules/yarn/lib/cli.js:141543:19)
      at listOnTimeout (node:internal/timers:559:17)
      at processTimers (node:internal/timers:502:7)

npm manifest: 
  {
    "name": "portal-template",
    "private": true,
    "version": "0.0.1",
    "description": "Redocly portal template repository",
    "license": "MIT",
    "scripts": {
      "start": "redocly-portal develop -p 3000",
      "build": "redocly-portal build",
      "clean": "redocly-portal clean"
    },
    "dependencies": {
      "@redocly/developer-portal": "1.1.0-beta.85"
    }
  }

yarn manifest: 
  No manifest

Lockfile: 
  No lockfile
